<!DOCTYPE html>

<html>
  <head>
  <title>TestNG reports</title>

    <link type="text/css" href="testng-reports.css" rel="stylesheet" />  
    <script type="text/javascript" src="jquery-1.7.1.min.js"></script>
    <script type="text/javascript" src="testng-reports.js"></script>
    <script type="text/javascript" src="https://www.google.com/jsapi"></script>
    <script type='text/javascript'>
      google.load('visualization', '1', {packages:['table']});
      google.setOnLoadCallback(drawTable);
      var suiteTableInitFunctions = new Array();
      var suiteTableData = new Array();
    </script>
    <!--
      <script type="text/javascript" src="jquery-ui/js/jquery-ui-1.8.16.custom.min.js"></script>
     -->
  </head>

  <body>
    <div class="top-banner-root">
      <span class="top-banner-title-font">Test results</span>
      <br/>
      <span class="top-banner-font-1">1 suite, 1 failed test</span>
    </div> <!-- top-banner-root -->
    <div class="navigator-root">
      <div class="navigator-suite-header">
        <span>All suites</span>
        <a href="#" class="collapse-all-link" title="Collapse/expand all the suites">
          <img class="collapse-all-icon" src="collapseall.gif">
          </img> <!-- collapse-all-icon -->
        </a> <!-- collapse-all-link -->
      </div> <!-- navigator-suite-header -->
      <div class="suite">
        <div class="rounded-window">
          <div class="suite-header light-rounded-window-top">
            <a href="#" class="navigator-link" panel-name="suite-LOGIN_PAGE_TEST_SUITE">
              <span class="suite-name border-failed">LOGIN PAGE TEST SUITE</span>
            </a> <!-- navigator-link -->
          </div> <!-- suite-header light-rounded-window-top -->
          <div class="navigator-suite-content">
            <div class="suite-section-title">
              <span>Info</span>
            </div> <!-- suite-section-title -->
            <div class="suite-section-content">
              <ul>
                <li>
                  <a href="#" class="navigator-link " panel-name="test-xml-LOGIN_PAGE_TEST_SUITE">
                    <span>C:\George\SeleniumDemo\src\com\testrun\LOGIN_Verify Login function.xml</span>
                  </a> <!-- navigator-link  -->
                </li>
                <li>
                  <a href="#" class="navigator-link " panel-name="testlist-LOGIN_PAGE_TEST_SUITE">
                    <span class="test-stats">1 test</span>
                  </a> <!-- navigator-link  -->
                </li>
                <li>
                  <a href="#" class="navigator-link " panel-name="group-LOGIN_PAGE_TEST_SUITE">
                    <span>0 groups</span>
                  </a> <!-- navigator-link  -->
                </li>
                <li>
                  <a href="#" class="navigator-link " panel-name="times-LOGIN_PAGE_TEST_SUITE">
                    <span>Times</span>
                  </a> <!-- navigator-link  -->
                </li>
                <li>
                  <a href="#" class="navigator-link " panel-name="reporter-LOGIN_PAGE_TEST_SUITE">
                    <span>Reporter output</span>
                  </a> <!-- navigator-link  -->
                </li>
                <li>
                  <a href="#" class="navigator-link " panel-name="ignored-methods-LOGIN_PAGE_TEST_SUITE">
                    <span>Ignored methods</span>
                  </a> <!-- navigator-link  -->
                </li>
                <li>
                  <a href="#" class="navigator-link " panel-name="chronological-LOGIN_PAGE_TEST_SUITE">
                    <span>Chronological view</span>
                  </a> <!-- navigator-link  -->
                </li>
              </ul>
            </div> <!-- suite-section-content -->
            <div class="result-section">
              <div class="suite-section-title">
                <span>Results</span>
              </div> <!-- suite-section-title -->
              <div class="suite-section-content">
                <ul>
                  <li>
                    <span class="method-stats">2 methods, 1 failed,   1 passed</span>
                  </li>
                  <li>
                    <span class="method-list-title failed">Failed methods</span>
                    <span class="show-or-hide-methods failed">
                      <a href="#" panel-name="suite-LOGIN_PAGE_TEST_SUITE" class="hide-methods failed suite-LOGIN_PAGE_TEST_SUITE"> (hide)</a> <!-- hide-methods failed suite-LOGIN_PAGE_TEST_SUITE -->
                      <a href="#" panel-name="suite-LOGIN_PAGE_TEST_SUITE" class="show-methods failed suite-LOGIN_PAGE_TEST_SUITE"> (show)</a> <!-- show-methods failed suite-LOGIN_PAGE_TEST_SUITE -->
                    </span>
                    <div class="method-list-content failed suite-LOGIN_PAGE_TEST_SUITE">
                      <span>
                        <img width="3%" src="failed.png"/>
                        <a href="#" class="method navigator-link" panel-name="suite-LOGIN_PAGE_TEST_SUITE" title="com.testcase.LoginTestCase" hash-for-method="loginWithMismatchElement">loginWithMismatchElement</a> <!-- method navigator-link -->
                      </span>
                      <br/>
                    </div> <!-- method-list-content failed suite-LOGIN_PAGE_TEST_SUITE -->
                  </li>
                  <li>
                    <span class="method-list-title passed">Passed methods</span>
                    <span class="show-or-hide-methods passed">
                      <a href="#" panel-name="suite-LOGIN_PAGE_TEST_SUITE" class="hide-methods passed suite-LOGIN_PAGE_TEST_SUITE"> (hide)</a> <!-- hide-methods passed suite-LOGIN_PAGE_TEST_SUITE -->
                      <a href="#" panel-name="suite-LOGIN_PAGE_TEST_SUITE" class="show-methods passed suite-LOGIN_PAGE_TEST_SUITE"> (show)</a> <!-- show-methods passed suite-LOGIN_PAGE_TEST_SUITE -->
                    </span>
                    <div class="method-list-content passed suite-LOGIN_PAGE_TEST_SUITE">
                      <span>
                        <img width="3%" src="passed.png"/>
                        <a href="#" class="method navigator-link" panel-name="suite-LOGIN_PAGE_TEST_SUITE" title="com.testcase.LoginTestCase" hash-for-method="loginWithValidCredential">loginWithValidCredential</a> <!-- method navigator-link -->
                      </span>
                      <br/>
                    </div> <!-- method-list-content passed suite-LOGIN_PAGE_TEST_SUITE -->
                  </li>
                </ul>
              </div> <!-- suite-section-content -->
            </div> <!-- result-section -->
          </div> <!-- navigator-suite-content -->
        </div> <!-- rounded-window -->
      </div> <!-- suite -->
    </div> <!-- navigator-root -->
    <div class="wrapper">
      <div class="main-panel-root">
        <div panel-name="suite-LOGIN_PAGE_TEST_SUITE" class="panel LOGIN_PAGE_TEST_SUITE">
          <div class="suite-LOGIN_PAGE_TEST_SUITE-class-failed">
            <div class="main-panel-header rounded-window-top">
              <img src="failed.png"/>
              <span class="class-name">com.testcase.LoginTestCase</span>
            </div> <!-- main-panel-header rounded-window-top -->
            <div class="main-panel-content rounded-window-bottom">
              <div class="method">
                <div class="method-content">
                  <a name="loginWithMismatchElement">
                  </a> <!-- loginWithMismatchElement -->
                  <span class="method-name">loginWithMismatchElement</span>
                  <div class="stack-trace">org.openqa.selenium.NoSuchElementException: Unable to locate element: {&quot;method&quot;:&quot;id&quot;,&quot;selector&quot;:&quot;Password2&quot;}
Command duration or timeout: 10.09 seconds
For documentation on this error, please visit: http://seleniumhq.org/exceptions/no_such_element.html
Build info: version: &apos;2.48.2&apos;, revision: &apos;41bccdd&apos;, time: &apos;2015-10-09 19:55:52&apos;
System info: host: &apos;SGH232Q0VZ&apos;, ip: &apos;172.18.24.45&apos;, os.name: &apos;Windows 7&apos;, os.arch: &apos;amd64&apos;, os.version: &apos;6.1&apos;, java.version: &apos;1.7.0_79&apos;
*** Element info: {Using=id, value=Password2}
Session ID: c237bf14-e22f-4d1b-8424-0cdaa89ec621
Driver info: org.openqa.selenium.firefox.FirefoxDriver
Capabilities [{platform=WINDOWS, acceptSslCerts=true, javascriptEnabled=true, cssSelectorsEnabled=true, databaseEnabled=true, browserName=firefox, handlesAlerts=true, browserConnectionEnabled=true, nativeEvents=false, webStorageEnabled=true, rotatable=false, locationContextEnabled=true, applicationCacheEnabled=true, takesScreenshot=true, version=30.0}]
	at sun.reflect.NativeConstructorAccessorImpl.newInstance0(Native Method)
	at sun.reflect.NativeConstructorAccessorImpl.newInstance(NativeConstructorAccessorImpl.java:57)
	at sun.reflect.DelegatingConstructorAccessorImpl.newInstance(DelegatingConstructorAccessorImpl.java:45)
	at java.lang.reflect.Constructor.newInstance(Constructor.java:526)
	at org.openqa.selenium.remote.ErrorHandler.createThrowable(ErrorHandler.java:206)
	at org.openqa.selenium.remote.ErrorHandler.throwIfResponseFailed(ErrorHandler.java:158)
	at org.openqa.selenium.remote.RemoteWebDriver.execute(RemoteWebDriver.java:647)
	at org.openqa.selenium.remote.RemoteWebDriver.findElement(RemoteWebDriver.java:353)
	at org.openqa.selenium.remote.RemoteWebDriver.findElementById(RemoteWebDriver.java:403)
	at org.openqa.selenium.By$ById.findElement(By.java:218)
	at org.openqa.selenium.remote.RemoteWebDriver.findElement(RemoteWebDriver.java:345)
	at org.openqa.selenium.support.pagefactory.DefaultElementLocator.findElement(DefaultElementLocator.java:69)
	at org.openqa.selenium.support.pagefactory.internal.LocatingElementHandler.invoke(LocatingElementHandler.java:38)
	at com.sun.proxy.$Proxy6.sendKeys(Unknown Source)
	at com.sandata.pageObjects.LoginPage.loginWithMismatchElement(LoginPage.java:53)
	at com.testcase.LoginTestCase.loginWithMismatchElement(LoginTestCase.java:84)
	at sun.reflect.NativeMethodAccessorImpl.invoke0(Native Method)
	at sun.reflect.NativeMethodAccessorImpl.invoke(NativeMethodAccessorImpl.java:57)
	at sun.reflect.DelegatingMethodAccessorImpl.invoke(DelegatingMethodAccessorImpl.java:43)
	at java.lang.reflect.Method.invoke(Method.java:606)
	at org.testng.internal.MethodInvocationHelper.invokeMethod(MethodInvocationHelper.java:85)
	at org.testng.internal.Invoker.invokeMethod(Invoker.java:639)
	at org.testng.internal.Invoker.invokeTestMethod(Invoker.java:821)
	at org.testng.internal.Invoker.invokeTestMethods(Invoker.java:1131)
	at org.testng.internal.TestMethodWorker.invokeTestMethods(TestMethodWorker.java:124)
	at org.testng.internal.TestMethodWorker.run(TestMethodWorker.java:108)
	at org.testng.TestRunner.privateRun(TestRunner.java:773)
	at org.testng.TestRunner.run(TestRunner.java:623)
	at org.testng.SuiteRunner.runTest(SuiteRunner.java:357)
	at org.testng.SuiteRunner.runSequentially(SuiteRunner.java:352)
	at org.testng.SuiteRunner.privateRun(SuiteRunner.java:310)
	at org.testng.SuiteRunner.run(SuiteRunner.java:259)
	at org.testng.SuiteRunnerWorker.runSuite(SuiteRunnerWorker.java:52)
	at org.testng.SuiteRunnerWorker.run(SuiteRunnerWorker.java:86)
	at org.testng.TestNG.runSuitesSequentially(TestNG.java:1185)
	at org.testng.TestNG.runSuitesLocally(TestNG.java:1110)
	at org.testng.TestNG.run(TestNG.java:1018)
	at org.testng.remote.RemoteTestNG.run(RemoteTestNG.java:111)
	at org.testng.remote.RemoteTestNG.initAndRun(RemoteTestNG.java:204)
	at org.testng.remote.RemoteTestNG.main(RemoteTestNG.java:175)
	at org.testng.RemoteTestNGStarter.main(RemoteTestNGStarter.java:125)
	at sun.reflect.NativeMethodAccessorImpl.invoke0(Native Method)
	at sun.reflect.NativeMethodAccessorImpl.invoke(NativeMethodAccessorImpl.java:57)
	at sun.reflect.DelegatingMethodAccessorImpl.invoke(DelegatingMethodAccessorImpl.java:43)
	at java.lang.reflect.Method.invoke(Method.java:606)
	at com.intellij.rt.execution.application.AppMain.main(AppMain.java:140)
Caused by: org.openqa.selenium.NoSuchElementException: Unable to locate element: {&quot;method&quot;:&quot;id&quot;,&quot;selector&quot;:&quot;Password2&quot;}
For documentation on this error, please visit: http://seleniumhq.org/exceptions/no_such_element.html
Build info: version: &apos;2.48.2&apos;, revision: &apos;41bccdd&apos;, time: &apos;2015-10-09 19:55:52&apos;
System info: host: &apos;SGH232Q0VZ&apos;, ip: &apos;172.18.24.45&apos;, os.name: &apos;Windows 7&apos;, os.arch: &apos;amd64&apos;, os.version: &apos;6.1&apos;, java.version: &apos;1.7.0_79&apos;
Driver info: driver.version: unknown
	at &lt;anonymous class&gt;.FirefoxDriver.prototype.findElementInternal_(file:///C:/Users/vumvo/AppData/Local/Temp/anonymous3343513110844296379webdriver-profile/extensions/fxdriver@googlecode.com/components/driver-component.js:10659)
	at &lt;anonymous class&gt;.fxdriver.Timer.prototype.setTimeout/&lt;.notify(file:///C:/Users/vumvo/AppData/Local/Temp/anonymous3343513110844296379webdriver-profile/extensions/fxdriver@googlecode.com/components/driver-component.js:621)

</div> <!-- stack-trace -->
                  <em>
(Login with Mismatch Element)                  </em>
                </div> <!-- method-content -->
              </div> <!-- method -->
            </div> <!-- main-panel-content rounded-window-bottom -->
          </div> <!-- suite-LOGIN_PAGE_TEST_SUITE-class-failed -->
          <div class="suite-LOGIN_PAGE_TEST_SUITE-class-passed">
            <div class="main-panel-header rounded-window-top">
              <img src="passed.png"/>
              <span class="class-name">com.testcase.LoginTestCase</span>
            </div> <!-- main-panel-header rounded-window-top -->
            <div class="main-panel-content rounded-window-bottom">
              <div class="method">
                <div class="method-content">
                  <a name="loginWithValidCredential">
                  </a> <!-- loginWithValidCredential -->
                  <span class="method-name">loginWithValidCredential</span>
                  <em>
(Login with valid credential)                  </em>
                </div> <!-- method-content -->
              </div> <!-- method -->
            </div> <!-- main-panel-content rounded-window-bottom -->
          </div> <!-- suite-LOGIN_PAGE_TEST_SUITE-class-passed -->
        </div> <!-- panel LOGIN_PAGE_TEST_SUITE -->
        <div panel-name="test-xml-LOGIN_PAGE_TEST_SUITE" class="panel">
          <div class="main-panel-header rounded-window-top">
            <span class="header-content">C:\George\SeleniumDemo\src\com\testrun\LOGIN_Verify Login function.xml</span>
          </div> <!-- main-panel-header rounded-window-top -->
          <div class="main-panel-content rounded-window-bottom">
            <pre>
&lt;?xml version=&quot;1.0&quot; encoding=&quot;UTF-8&quot;?&gt;
&lt;!DOCTYPE suite SYSTEM &quot;http://testng.org/testng-1.0.dtd&quot;&gt;
&lt;suite verbose=&quot;10&quot; name=&quot;LOGIN PAGE TEST SUITE&quot;&gt;
  &lt;parameter name=&quot;selenium.url&quot; value=&quot;http://dev-lab-web01.sandata.com/&quot;/&gt;
  &lt;parameter name=&quot;selenium.browser&quot; value=&quot;iegeorge@sandata.com&quot;/&gt;
  &lt;parameter name=&quot;selenium.implicitTimeout&quot; value=&quot;10&quot;/&gt;
  &lt;listeners&gt;
    &lt;listener class-name=&quot;com.listener.MyListener&quot;/&gt;
  &lt;/listeners&gt;
  &lt;test name=&quot;LOGIN FUNCTION&quot;&gt;
    &lt;classes&gt;
      &lt;class name=&quot;com.testcase.LoginTestCase&quot;&gt;
        &lt;methods&gt;
          &lt;include name=&quot;loginWithValidCredential&quot;/&gt;
          &lt;include name=&quot;loginWithMismatchElement&quot;/&gt;
        &lt;/methods&gt;
      &lt;/class&gt; &lt;!-- com.testcase.LoginTestCase --&gt;
    &lt;/classes&gt;
  &lt;/test&gt; &lt;!-- LOGIN FUNCTION --&gt;
&lt;/suite&gt; &lt;!-- LOGIN PAGE TEST SUITE --&gt;
            </pre>
          </div> <!-- main-panel-content rounded-window-bottom -->
        </div> <!-- panel -->
        <div panel-name="testlist-LOGIN_PAGE_TEST_SUITE" class="panel">
          <div class="main-panel-header rounded-window-top">
            <span class="header-content">Tests for LOGIN PAGE TEST SUITE</span>
          </div> <!-- main-panel-header rounded-window-top -->
          <div class="main-panel-content rounded-window-bottom">
            <ul>
              <li>
                <span class="test-name">LOGIN FUNCTION (1 class)</span>
              </li>
            </ul>
          </div> <!-- main-panel-content rounded-window-bottom -->
        </div> <!-- panel -->
        <div panel-name="group-LOGIN_PAGE_TEST_SUITE" class="panel">
          <div class="main-panel-header rounded-window-top">
            <span class="header-content">Groups for LOGIN PAGE TEST SUITE</span>
          </div> <!-- main-panel-header rounded-window-top -->
          <div class="main-panel-content rounded-window-bottom">
          </div> <!-- main-panel-content rounded-window-bottom -->
        </div> <!-- panel -->
        <div panel-name="times-LOGIN_PAGE_TEST_SUITE" class="panel">
          <div class="main-panel-header rounded-window-top">
            <span class="header-content">Times for LOGIN PAGE TEST SUITE</span>
          </div> <!-- main-panel-header rounded-window-top -->
          <div class="main-panel-content rounded-window-bottom">
            <div class="times-div">
              <script type="text/javascript">
suiteTableInitFunctions.push('tableData_LOGIN_PAGE_TEST_SUITE');
function tableData_LOGIN_PAGE_TEST_SUITE() {
var data = new google.visualization.DataTable();
data.addColumn('number', 'Number');
data.addColumn('string', 'Method');
data.addColumn('string', 'Class');
data.addColumn('number', 'Time (ms)');
data.addRows(2);
data.setCell(0, 0, 0)
data.setCell(0, 1, 'loginWithMismatchElement')
data.setCell(0, 2, 'com.testcase.LoginTestCase')
data.setCell(0, 3, 10174);
data.setCell(1, 0, 1)
data.setCell(1, 1, 'loginWithValidCredential')
data.setCell(1, 2, 'com.testcase.LoginTestCase')
data.setCell(1, 3, 6809);
window.suiteTableData['LOGIN_PAGE_TEST_SUITE']= { tableData: data, tableDiv: 'times-div-LOGIN_PAGE_TEST_SUITE'}
return data;
}
              </script>
              <span class="suite-total-time">Total running time: 16 seconds</span>
              <div id="times-div-LOGIN_PAGE_TEST_SUITE">
              </div> <!-- times-div-LOGIN_PAGE_TEST_SUITE -->
            </div> <!-- times-div -->
          </div> <!-- main-panel-content rounded-window-bottom -->
        </div> <!-- panel -->
        <div panel-name="reporter-LOGIN_PAGE_TEST_SUITE" class="panel">
          <div class="main-panel-header rounded-window-top">
            <span class="header-content">Reporter output for LOGIN PAGE TEST SUITE</span>
          </div> <!-- main-panel-header rounded-window-top -->
          <div class="main-panel-content rounded-window-bottom">
            <div class="reporter-method-div">
              <span class="reporter-method-name">loginWithValidCredential</span>
              <div class="reporter-method-output-div">
                <span class="reporter-method-output">Current Window Title:  George | Login</span>
              </div> <!-- reporter-method-output-div -->
            </div> <!-- reporter-method-div -->
            <div class="reporter-method-div">
              <span class="reporter-method-name">loginWithMismatchElement</span>
              <div class="reporter-method-output-div">
                <span class="reporter-method-output">Current Window Title:  George | Login</span>
                <span class="reporter-method-output">Test Result</span>
              </div> <!-- reporter-method-output-div -->
            </div> <!-- reporter-method-div -->
          </div> <!-- main-panel-content rounded-window-bottom -->
        </div> <!-- panel -->
        <div panel-name="ignored-methods-LOGIN_PAGE_TEST_SUITE" class="panel">
          <div class="main-panel-header rounded-window-top">
            <span class="header-content">0 ignored methods</span>
          </div> <!-- main-panel-header rounded-window-top -->
          <div class="main-panel-content rounded-window-bottom">
          </div> <!-- main-panel-content rounded-window-bottom -->
        </div> <!-- panel -->
        <div panel-name="chronological-LOGIN_PAGE_TEST_SUITE" class="panel">
          <div class="main-panel-header rounded-window-top">
            <span class="header-content">Methods in chronological order</span>
          </div> <!-- main-panel-header rounded-window-top -->
          <div class="main-panel-content rounded-window-bottom">
            <div class="chronological-class">
              <div class="chronological-class-name">com.testcase.LoginTestCase</div> <!-- chronological-class-name -->
              <div class="configuration-suite before">
                <span class="method-name">setupBeforeSuite(org.testng.TestRunner@2d6eb551)</span>
                <span class="method-start">0 ms</span>
              </div> <!-- configuration-suite before -->
              <div class="test-method">
                <span class="method-name">loginWithValidCredential</span>
                <span class="method-start">13439 ms</span>
              </div> <!-- test-method -->
              <div class="test-method">
                <img src="failed.png">
                </img>
                <span class="method-name">loginWithMismatchElement</span>
                <span class="method-start">20249 ms</span>
              </div> <!-- test-method -->
              <div class="configuration-suite after">
                <span class="method-name">setupAfterSuite</span>
                <span class="method-start">30478 ms</span>
              </div> <!-- configuration-suite after -->
          </div> <!-- main-panel-content rounded-window-bottom -->
        </div> <!-- panel -->
      </div> <!-- main-panel-root -->
    </div> <!-- wrapper -->
  </body>
</html>
